0 info it worked if it ends with ok
1 verbose cli [ '/usr/local/Cellar/node/7.10.0/bin/node',
1 verbose cli   '/Users/cameronpriestley/.node_modules_global/bin/npm',
1 verbose cli   'start' ]
2 info using npm@3.10.6
3 info using node@v7.10.0
4 verbose run-script [ 'prestart', 'start', 'poststart' ]
5 info lifecycle foodprac@0.1.0~prestart: foodprac@0.1.0
6 silly lifecycle foodprac@0.1.0~prestart: no script for prestart, continuing
7 info lifecycle foodprac@0.1.0~start: foodprac@0.1.0
8 verbose lifecycle foodprac@0.1.0~start: unsafe-perm in lifecycle true
9 verbose lifecycle foodprac@0.1.0~start: PATH: /Users/cameronpriestley/.node_modules_global/lib/node_modules/npm/bin/node-gyp-bin:/Users/cameronpriestley/Desktop/foodprac/node_modules/.bin:/usr/local/Cellar/node/7.10.0/bin:/Users/cameronpriestley/.rbenv/shims:/Users/cameronpriestley/.node_modules_global/bin:/Library/Frameworks/Python.framework/Versions/3.5/bin:/usr/local/bin:/usr/bin:/bin:/usr/sbin:/sbin:/usr/local/Cellar/maven/3.3.9/libexec/bin
10 verbose lifecycle foodprac@0.1.0~start: CWD: /Users/cameronpriestley/Desktop/foodprac
11 silly lifecycle foodprac@0.1.0~start: Args: [ '-c', 'react-scripts start' ]
12 silly lifecycle foodprac@0.1.0~start: Returned: code: 1  signal: null
13 info lifecycle foodprac@0.1.0~start: Failed to exec start script
14 verbose stack Error: foodprac@0.1.0 start: `react-scripts start`
14 verbose stack Exit status 1
14 verbose stack     at EventEmitter.<anonymous> (/Users/cameronpriestley/.node_modules_global/lib/node_modules/npm/lib/utils/lifecycle.js:255:16)
14 verbose stack     at emitTwo (events.js:106:13)
14 verbose stack     at EventEmitter.emit (events.js:194:7)
14 verbose stack     at ChildProcess.<anonymous> (/Users/cameronpriestley/.node_modules_global/lib/node_modules/npm/lib/utils/spawn.js:40:14)
14 verbose stack     at emitTwo (events.js:106:13)
14 verbose stack     at ChildProcess.emit (events.js:194:7)
14 verbose stack     at maybeClose (internal/child_process.js:899:16)
14 verbose stack     at Process.ChildProcess._handle.onexit (internal/child_process.js:226:5)
15 verbose pkgid foodprac@0.1.0
16 verbose cwd /Users/cameronpriestley/Desktop/foodprac
17 error Darwin 16.5.0
18 error argv "/usr/local/Cellar/node/7.10.0/bin/node" "/Users/cameronpriestley/.node_modules_global/bin/npm" "start"
19 error node v7.10.0
20 error npm  v3.10.6
21 error code ELIFECYCLE
22 error foodprac@0.1.0 start: `react-scripts start`
22 error Exit status 1
23 error Failed at the foodprac@0.1.0 start script 'react-scripts start'.
23 error Make sure you have the latest version of node.js and npm installed.
23 error If you do, this is most likely a problem with the foodprac package,
23 error not with npm itself.
23 error Tell the author that this fails on your system:
23 error     react-scripts start
23 error You can get information on how to open an issue for this project with:
23 error     npm bugs foodprac
23 error Or if that isn't available, you can get their info via:
23 error     npm owner ls foodprac
23 error There is likely additional logging output above.
24 verbose exit [ 1, true ]
